  method.c
C:\GithubResource\QGBackEndWorkBIG\Week_2\Calculators\method.c(102,12): warning C4047: “函数”:“LinkStack *”与“LinkStack”的间接级别不同
C:\GithubResource\QGBackEndWorkBIG\Week_2\Calculators\method.c(102,12): warning C4024: “InitStack”: 形参和实参 1 的类型不同
C:\GithubResource\QGBackEndWorkBIG\Week_2\Calculators\method.c(103,12): warning C4047: “函数”:“LinkStack *”与“LinkStack”的间接级别不同
C:\GithubResource\QGBackEndWorkBIG\Week_2\Calculators\method.c(103,12): warning C4024: “InitStack”: 形参和实参 1 的类型不同
C:\GithubResource\QGBackEndWorkBIG\Week_2\Calculators\method.c(165,11): warning C4047: “函数”:“StackNode *”与“LinkStack *”的间接级别不同
C:\GithubResource\QGBackEndWorkBIG\Week_2\Calculators\method.c(165,11): warning C4024: “Pop”: 形参和实参 1 的类型不同
C:\GithubResource\QGBackEndWorkBIG\Week_2\Calculators\method.c(166,11): warning C4047: “函数”:“StackNode *”与“LinkStack *”的间接级别不同
C:\GithubResource\QGBackEndWorkBIG\Week_2\Calculators\method.c(166,11): warning C4024: “Pop”: 形参和实参 1 的类型不同
C:\GithubResource\QGBackEndWorkBIG\Week_2\Calculators\method.c(167,11): warning C4047: “函数”:“StackNode *”与“LinkStack *”的间接级别不同
C:\GithubResource\QGBackEndWorkBIG\Week_2\Calculators\method.c(167,11): warning C4024: “Pop”: 形参和实参 1 的类型不同
C:\GithubResource\QGBackEndWorkBIG\Week_2\Calculators\method.c(175,11): warning C4047: “函数”:“StackNode *”与“LinkStack *”的间接级别不同
C:\GithubResource\QGBackEndWorkBIG\Week_2\Calculators\method.c(175,11): warning C4024: “Pop”: 形参和实参 1 的类型不同
C:\GithubResource\QGBackEndWorkBIG\Week_2\Calculators\method.c(176,11): warning C4047: “函数”:“StackNode *”与“LinkStack *”的间接级别不同
C:\GithubResource\QGBackEndWorkBIG\Week_2\Calculators\method.c(176,11): warning C4024: “Pop”: 形参和实参 1 的类型不同
C:\GithubResource\QGBackEndWorkBIG\Week_2\Calculators\method.c(177,11): warning C4047: “函数”:“StackNode *”与“LinkStack *”的间接级别不同
C:\GithubResource\QGBackEndWorkBIG\Week_2\Calculators\method.c(177,11): warning C4024: “Pop”: 形参和实参 1 的类型不同
C:\GithubResource\QGBackEndWorkBIG\Week_2\Calculators\method.c(188,11): warning C4047: “函数”:“StackNode *”与“LinkStack *”的间接级别不同
C:\GithubResource\QGBackEndWorkBIG\Week_2\Calculators\method.c(188,11): warning C4024: “Pop”: 形参和实参 1 的类型不同
C:\GithubResource\QGBackEndWorkBIG\Week_2\Calculators\method.c(194,11): warning C4047: “函数”:“StackNode *”与“LinkStack *”的间接级别不同
C:\GithubResource\QGBackEndWorkBIG\Week_2\Calculators\method.c(194,11): warning C4024: “Pop”: 形参和实参 1 的类型不同
C:\GithubResource\QGBackEndWorkBIG\Week_2\Calculators\method.c(195,11): warning C4047: “函数”:“StackNode *”与“LinkStack *”的间接级别不同
C:\GithubResource\QGBackEndWorkBIG\Week_2\Calculators\method.c(195,11): warning C4024: “Pop”: 形参和实参 1 的类型不同
C:\GithubResource\QGBackEndWorkBIG\Week_2\Calculators\method.c(196,11): warning C4047: “函数”:“StackNode *”与“LinkStack *”的间接级别不同
C:\GithubResource\QGBackEndWorkBIG\Week_2\Calculators\method.c(196,11): warning C4024: “Pop”: 形参和实参 1 的类型不同
C:\GithubResource\QGBackEndWorkBIG\Week_2\Calculators\method.c(90): warning C4715: “Precede”: 不是所有的控件路径都返回值
C:\GithubResource\QGBackEndWorkBIG\Week_2\Calculators\method.c(211): warning C4715: “logicMain”: 不是所有的控件路径都返回值
  Calculators.vcxproj -> C:\GithubResource\QGBackEndWorkBIG\Week_2\Calculators\x64\Debug\Calculators.exe
