  main.c
  LinkedStackADT.c
C:\GithubResource\QGBackEndWorkBIG\Week_2\Calculators\LinkedStackADT.c(34,23): warning C4028: 形参 1 与声明不同
  正在生成代码...
C:\GithubResource\QGBackEndWorkBIG\Week_2\Calculators\LinkedStackADT.c(51): warning C4715: “GetTop”: 不是所有的控件路径都返回值
  method.c
C:\GithubResource\QGBackEndWorkBIG\Week_2\Calculators\method.c(102,12): warning C4047: “函数”:“LinkStack *”与“LinkStack”的间接级别不同
C:\GithubResource\QGBackEndWorkBIG\Week_2\Calculators\method.c(102,12): warning C4024: “InitStack”: 形参和实参 1 的类型不同
C:\GithubResource\QGBackEndWorkBIG\Week_2\Calculators\method.c(103,12): warning C4047: “函数”:“LinkStack *”与“LinkStack”的间接级别不同
C:\GithubResource\QGBackEndWorkBIG\Week_2\Calculators\method.c(103,12): warning C4024: “InitStack”: 形参和实参 1 的类型不同
C:\GithubResource\QGBackEndWorkBIG\Week_2\Calculators\method.c(169,11): warning C4047: “函数”:“StackNode *”与“LinkStack *”的间接级别不同
C:\GithubResource\QGBackEndWorkBIG\Week_2\Calculators\method.c(169,11): warning C4024: “Pop”: 形参和实参 1 的类型不同
C:\GithubResource\QGBackEndWorkBIG\Week_2\Calculators\method.c(170,11): warning C4047: “函数”:“StackNode *”与“LinkStack *”的间接级别不同
C:\GithubResource\QGBackEndWorkBIG\Week_2\Calculators\method.c(170,11): warning C4024: “Pop”: 形参和实参 1 的类型不同
C:\GithubResource\QGBackEndWorkBIG\Week_2\Calculators\method.c(171,11): warning C4047: “函数”:“StackNode *”与“LinkStack *”的间接级别不同
C:\GithubResource\QGBackEndWorkBIG\Week_2\Calculators\method.c(171,11): warning C4024: “Pop”: 形参和实参 1 的类型不同
C:\GithubResource\QGBackEndWorkBIG\Week_2\Calculators\method.c(180,11): warning C4047: “函数”:“StackNode *”与“LinkStack *”的间接级别不同
C:\GithubResource\QGBackEndWorkBIG\Week_2\Calculators\method.c(180,11): warning C4024: “Pop”: 形参和实参 1 的类型不同
C:\GithubResource\QGBackEndWorkBIG\Week_2\Calculators\method.c(181,11): warning C4047: “函数”:“StackNode *”与“LinkStack *”的间接级别不同
C:\GithubResource\QGBackEndWorkBIG\Week_2\Calculators\method.c(181,11): warning C4024: “Pop”: 形参和实参 1 的类型不同
C:\GithubResource\QGBackEndWorkBIG\Week_2\Calculators\method.c(182,11): warning C4047: “函数”:“StackNode *”与“LinkStack *”的间接级别不同
C:\GithubResource\QGBackEndWorkBIG\Week_2\Calculators\method.c(182,11): warning C4024: “Pop”: 形参和实参 1 的类型不同
C:\GithubResource\QGBackEndWorkBIG\Week_2\Calculators\method.c(193,10): warning C4047: “函数”:“StackNode *”与“LinkStack *”的间接级别不同
C:\GithubResource\QGBackEndWorkBIG\Week_2\Calculators\method.c(193,10): warning C4024: “Pop”: 形参和实参 1 的类型不同
C:\GithubResource\QGBackEndWorkBIG\Week_2\Calculators\method.c(194,10): warning C4047: “函数”:“StackNode *”与“LinkStack *”的间接级别不同
C:\GithubResource\QGBackEndWorkBIG\Week_2\Calculators\method.c(194,10): warning C4024: “Pop”: 形参和实参 1 的类型不同
C:\GithubResource\QGBackEndWorkBIG\Week_2\Calculators\method.c(195,10): warning C4047: “函数”:“StackNode *”与“LinkStack *”的间接级别不同
C:\GithubResource\QGBackEndWorkBIG\Week_2\Calculators\method.c(195,10): warning C4024: “Pop”: 形参和实参 1 的类型不同
C:\GithubResource\QGBackEndWorkBIG\Week_2\Calculators\method.c(199,10): warning C4047: “函数”:“StackNode *”与“LinkStack *”的间接级别不同
C:\GithubResource\QGBackEndWorkBIG\Week_2\Calculators\method.c(199,10): warning C4024: “Pop”: 形参和实参 1 的类型不同
C:\GithubResource\QGBackEndWorkBIG\Week_2\Calculators\method.c(90): warning C4715: “Precede”: 不是所有的控件路径都返回值
C:\GithubResource\QGBackEndWorkBIG\Week_2\Calculators\method.c(210): warning C4715: “logicMain”: 不是所有的控件路径都返回值
  Calculators.vcxproj -> C:\GithubResource\QGBackEndWorkBIG\Week_2\Calculators\x64\Debug\Calculators.exe
